<?xml version="1.0" encoding="UTF-8" standalone="yes"?><!DOCTYPE report PUBLIC "-//JACOCO//DTD Report 1.0//EN" "report.dtd"><report name="JaCoCoverage analysis (powered by JaCoCo from EclEmma)"><sessioninfo id="P212-4f16349c" start="1608043088948" dump="1608043089840"/><sessioninfo id="P212-66a84e29" start="1608043090143" dump="1608043090691"/><sessioninfo id="P212-f60e00a9" start="1608043090995" dump="1608043091530"/><package name="examen/aillament"><class name="examen/aillament/ProductCatalogDB"><method name="&lt;init&gt;" desc="()V" line="8"><counter type="INSTRUCTION" missed="0" covered="3"/><counter type="LINE" missed="0" covered="1"/><counter type="COMPLEXITY" missed="0" covered="1"/><counter type="METHOD" missed="0" covered="1"/></method><method name="getCustomerDiscount" desc="(I)D" line="11"><counter type="INSTRUCTION" missed="0" covered="5"/><counter type="LINE" missed="0" covered="1"/><counter type="COMPLEXITY" missed="0" covered="1"/><counter type="METHOD" missed="0" covered="1"/></method><method name="getProductInfo" desc="(I)Lexamen/aillament/ProductInfo;" line="15"><counter type="INSTRUCTION" missed="5" covered="0"/><counter type="LINE" missed="1" covered="0"/><counter type="COMPLEXITY" missed="1" covered="0"/><counter type="METHOD" missed="1" covered="0"/></method><counter type="INSTRUCTION" missed="5" covered="8"/><counter type="LINE" missed="1" covered="2"/><counter type="COMPLEXITY" missed="1" covered="2"/><counter type="METHOD" missed="1" covered="2"/><counter type="CLASS" missed="0" covered="1"/></class><class name="examen/aillament/ProductInfo"><method name="&lt;init&gt;" desc="(IDLjava/lang/String;)V" line="13"><counter type="INSTRUCTION" missed="12" covered="0"/><counter type="LINE" missed="5" covered="0"/><counter type="COMPLEXITY" missed="1" covered="0"/><counter type="METHOD" missed="1" covered="0"/></method><method name="getId" desc="()I" line="20"><counter type="INSTRUCTION" missed="3" covered="0"/><counter type="LINE" missed="1" covered="0"/><counter type="COMPLEXITY" missed="1" covered="0"/><counter type="METHOD" missed="1" covered="0"/></method><method name="getUnitPrice" desc="()D" line="24"><counter type="INSTRUCTION" missed="3" covered="0"/><counter type="LINE" missed="1" covered="0"/><counter type="COMPLEXITY" missed="1" covered="0"/><counter type="METHOD" missed="1" covered="0"/></method><method name="getDescription" desc="()Ljava/lang/String;" line="28"><counter type="INSTRUCTION" missed="3" covered="0"/><counter type="LINE" missed="1" covered="0"/><counter type="COMPLEXITY" missed="1" covered="0"/><counter type="METHOD" missed="1" covered="0"/></method><counter type="INSTRUCTION" missed="21" covered="0"/><counter type="LINE" missed="8" covered="0"/><counter type="COMPLEXITY" missed="4" covered="0"/><counter type="METHOD" missed="4" covered="0"/><counter type="CLASS" missed="1" covered="0"/></class><class name="examen/aillament/ShoppingBasket"><method name="&lt;init&gt;" desc="()V" line="9"><counter type="INSTRUCTION" missed="0" covered="3"/><counter type="LINE" missed="0" covered="1"/><counter type="COMPLEXITY" missed="0" covered="1"/><counter type="METHOD" missed="0" covered="1"/></method><method name="getSummary" desc="(ILjava/util/ArrayList;Ljava/util/ArrayList;)Ljava/lang/String;" line="13"><counter type="INSTRUCTION" missed="230" covered="4"/><counter type="BRANCH" missed="4" covered="0"/><counter type="LINE" missed="21" covered="1"/><counter type="COMPLEXITY" missed="2" covered="1"/><counter type="METHOD" missed="0" covered="1"/></method><method name="fixedSize" desc="(Ljava/lang/String;I)Ljava/lang/String;" line="41"><counter type="INSTRUCTION" missed="22" covered="0"/><counter type="LINE" missed="1" covered="0"/><counter type="COMPLEXITY" missed="1" covered="0"/><counter type="METHOD" missed="1" covered="0"/></method><counter type="INSTRUCTION" missed="252" covered="7"/><counter type="BRANCH" missed="4" covered="0"/><counter type="LINE" missed="22" covered="2"/><counter type="COMPLEXITY" missed="3" covered="2"/><counter type="METHOD" missed="1" covered="2"/><counter type="CLASS" missed="0" covered="1"/></class><sourcefile name="ProductInfo.java"><line nr="13" mi="2" ci="0" mb="0" cb="0"/><line nr="14" mi="3" ci="0" mb="0" cb="0"/><line nr="15" mi="3" ci="0" mb="0" cb="0"/><line nr="16" mi="3" ci="0" mb="0" cb="0"/><line nr="17" mi="1" ci="0" mb="0" cb="0"/><line nr="20" mi="3" ci="0" mb="0" cb="0"/><line nr="24" mi="3" ci="0" mb="0" cb="0"/><line nr="28" mi="3" ci="0" mb="0" cb="0"/><counter type="INSTRUCTION" missed="21" covered="0"/><counter type="LINE" missed="8" covered="0"/><counter type="COMPLEXITY" missed="4" covered="0"/><counter type="METHOD" missed="4" covered="0"/><counter type="CLASS" missed="1" covered="0"/></sourcefile><sourcefile name="ShoppingBasket.java"><line nr="9" mi="0" ci="3" mb="0" cb="0"/><line nr="13" mi="0" ci="4" mb="0" cb="0"/><line nr="15" mi="4" ci="0" mb="0" cb="0"/><line nr="16" mi="2" ci="0" mb="0" cb="0"/><line nr="17" mi="2" ci="0" mb="0" cb="0"/><line nr="18" mi="2" ci="0" mb="0" cb="0"/><line nr="19" mi="11" ci="0" mb="2" cb="0"/><line nr="20" mi="4" ci="0" mb="0" cb="0"/><line nr="21" mi="2" ci="0" mb="2" cb="0"/><line nr="22" mi="10" ci="0" mb="0" cb="0"/><line nr="24" mi="46" ci="0" mb="0" cb="0"/><line nr="25" mi="19" ci="0" mb="0" cb="0"/><line nr="26" mi="8" ci="0" mb="0" cb="0"/><line nr="27" mi="1" ci="0" mb="0" cb="0"/><line nr="28" mi="4" ci="0" mb="0" cb="0"/><line nr="29" mi="1" ci="0" mb="0" cb="0"/><line nr="30" mi="25" ci="0" mb="0" cb="0"/><line nr="32" mi="1" ci="0" mb="0" cb="0"/><line nr="33" mi="6" ci="0" mb="0" cb="0"/><line nr="34" mi="26" ci="0" mb="0" cb="0"/><line nr="35" mi="26" ci="0" mb="0" cb="0"/><line nr="36" mi="28" ci="0" mb="0" cb="0"/><line nr="37" mi="2" ci="0" mb="0" cb="0"/><line nr="41" mi="22" ci="0" mb="0" cb="0"/><counter type="INSTRUCTION" missed="252" covered="7"/><counter type="BRANCH" missed="4" covered="0"/><counter type="LINE" missed="22" covered="2"/><counter type="COMPLEXITY" missed="3" covered="2"/><counter type="METHOD" missed="1" covered="2"/><counter type="CLASS" missed="0" covered="1"/></sourcefile><sourcefile name="ProductCatalogDB.java"><line nr="8" mi="0" ci="3" mb="0" cb="0"/><line nr="11" mi="0" ci="5" mb="0" cb="0"/><line nr="15" mi="5" ci="0" mb="0" cb="0"/><counter type="INSTRUCTION" missed="5" covered="8"/><counter type="LINE" missed="1" covered="2"/><counter type="COMPLEXITY" missed="1" covered="2"/><counter type="METHOD" missed="1" covered="2"/><counter type="CLASS" missed="0" covered="1"/></sourcefile><counter type="INSTRUCTION" missed="278" covered="15"/><counter type="BRANCH" missed="4" covered="0"/><counter type="LINE" missed="31" covered="4"/><counter type="COMPLEXITY" missed="8" covered="4"/><counter type="METHOD" missed="6" covered="4"/><counter type="CLASS" missed="1" covered="2"/></package><package name="examen/capsablanca"><class name="examen/capsablanca/HeartOfStone"><method name="&lt;init&gt;" desc="()V" line="11"><counter type="INSTRUCTION" missed="0" covered="3"/><counter type="LINE" missed="0" covered="1"/><counter type="COMPLEXITY" missed="0" covered="1"/><counter type="METHOD" missed="0" covered="1"/></method><method name="heartBreaker" desc="(Ljava/lang/String;)I" line="17"><counter type="INSTRUCTION" missed="0" covered="157"/><counter type="BRANCH" missed="0" covered="34"/><counter type="LINE" missed="0" covered="38"/><counter type="COMPLEXITY" missed="0" covered="18"/><counter type="METHOD" missed="0" covered="1"/></method><counter type="INSTRUCTION" missed="0" covered="160"/><counter type="BRANCH" missed="0" covered="34"/><counter type="LINE" missed="0" covered="39"/><counter type="COMPLEXITY" missed="0" covered="19"/><counter type="METHOD" missed="0" covered="2"/><counter type="CLASS" missed="0" covered="1"/></class><sourcefile name="HeartOfStone.java"><line nr="11" mi="0" ci="3" mb="0" cb="0"/><line nr="17" mi="0" ci="3" mb="0" cb="0"/><line nr="20" mi="0" ci="6" mb="0" cb="0"/><line nr="21" mi="0" ci="4" mb="0" cb="0"/><line nr="22" mi="0" ci="3" mb="0" cb="2"/><line nr="23" mi="0" ci="3" mb="0" cb="0"/><line nr="24" mi="0" ci="4" mb="0" cb="0"/><line nr="25" mi="0" ci="6" mb="0" cb="2"/><line nr="26" mi="0" ci="6" mb="0" cb="2"/><line nr="27" mi="0" ci="1" mb="0" cb="0"/><line nr="29" mi="0" ci="6" mb="0" cb="2"/><line nr="33" mi="0" ci="4" mb="0" cb="0"/><line nr="34" mi="0" ci="12" mb="0" cb="2"/><line nr="37" mi="0" ci="4" mb="0" cb="0"/><line nr="39" mi="0" ci="2" mb="0" cb="0"/><line nr="40" mi="0" ci="2" mb="0" cb="0"/><line nr="41" mi="0" ci="2" mb="0" cb="2"/><line nr="45" mi="0" ci="5" mb="0" cb="0"/><line nr="46" mi="0" ci="4" mb="0" cb="2"/><line nr="47" mi="0" ci="3" mb="0" cb="0"/><line nr="50" mi="0" ci="7" mb="0" cb="0"/><line nr="52" mi="0" ci="2" mb="0" cb="0"/><line nr="53" mi="0" ci="3" mb="0" cb="0"/><line nr="54" mi="0" ci="8" mb="0" cb="2"/><line nr="55" mi="0" ci="9" mb="0" cb="2"/><line nr="56" mi="0" ci="1" mb="0" cb="0"/><line nr="58" mi="0" ci="2" mb="0" cb="2"/><line nr="59" mi="0" ci="2" mb="0" cb="0"/><line nr="60" mi="0" ci="4" mb="0" cb="2"/><line nr="61" mi="0" ci="1" mb="0" cb="0"/><line nr="65" mi="0" ci="6" mb="0" cb="4"/><line nr="66" mi="0" ci="1" mb="0" cb="0"/><line nr="69" mi="0" ci="1" mb="0" cb="0"/><line nr="71" mi="0" ci="2" mb="0" cb="0"/><line nr="72" mi="0" ci="17" mb="0" cb="4"/><line nr="74" mi="0" ci="4" mb="0" cb="4"/><line nr="75" mi="0" ci="3" mb="0" cb="0"/><line nr="76" mi="0" ci="2" mb="0" cb="0"/><line nr="79" mi="0" ci="2" mb="0" cb="0"/><counter type="INSTRUCTION" missed="0" covered="160"/><counter type="BRANCH" missed="0" covered="34"/><counter type="LINE" missed="0" covered="39"/><counter type="COMPLEXITY" missed="0" covered="19"/><counter type="METHOD" missed="0" covered="2"/><counter type="CLASS" missed="0" covered="1"/></sourcefile><counter type="INSTRUCTION" missed="0" covered="160"/><counter type="BRANCH" missed="0" covered="34"/><counter type="LINE" missed="0" covered="39"/><counter type="COMPLEXITY" missed="0" covered="19"/><counter type="METHOD" missed="0" covered="2"/><counter type="CLASS" missed="0" covered="1"/></package><package name="examen/capsanegra"><class name="examen/capsanegra/TrailRunning"><method name="&lt;init&gt;" desc="()V" line="3"><counter type="INSTRUCTION" missed="0" covered="3"/><counter type="LINE" missed="0" covered="1"/><counter type="COMPLEXITY" missed="0" covered="1"/><counter type="METHOD" missed="0" covered="1"/></method><method name="getClassificacio" desc="([I[I)[I" line="9"><counter type="INSTRUCTION" missed="12" covered="207"/><counter type="BRANCH" missed="6" covered="32"/><counter type="LINE" missed="0" covered="1"/><counter type="COMPLEXITY" missed="6" covered="14"/><counter type="METHOD" missed="0" covered="1"/></method><method name="&lt;clinit&gt;" desc="()V" line="9"><counter type="INSTRUCTION" missed="0" covered="3"/><counter type="LINE" missed="0" covered="1"/><counter type="COMPLEXITY" missed="0" covered="1"/><counter type="METHOD" missed="0" covered="1"/></method><counter type="INSTRUCTION" missed="12" covered="213"/><counter type="BRANCH" missed="6" covered="32"/><counter type="LINE" missed="0" covered="2"/><counter type="COMPLEXITY" missed="6" covered="16"/><counter type="METHOD" missed="0" covered="3"/><counter type="CLASS" missed="0" covered="1"/></class><class name="examen/capsanegra/TrailRunning$R"><method name="&lt;init&gt;" desc="(Lexamen/capsanegra/TrailRunning;II)V" line="9"><counter type="INSTRUCTION" missed="0" covered="12"/><counter type="LINE" missed="0" covered="1"/><counter type="COMPLEXITY" missed="0" covered="1"/><counter type="METHOD" missed="0" covered="1"/></method><method name="compareTo" desc="(Ljava/lang/Object;)I" line="9"><counter type="INSTRUCTION" missed="6" covered="22"/><counter type="BRANCH" missed="3" covered="5"/><counter type="LINE" missed="0" covered="1"/><counter type="COMPLEXITY" missed="3" covered="2"/><counter type="METHOD" missed="0" covered="1"/></method><counter type="INSTRUCTION" missed="6" covered="34"/><counter type="BRANCH" missed="3" covered="5"/><counter type="LINE" missed="0" covered="1"/><counter type="COMPLEXITY" missed="3" covered="3"/><counter type="METHOD" missed="0" covered="2"/><counter type="CLASS" missed="0" covered="1"/></class><class name="examen/capsanegra/TrailRunning$T"><method name="&lt;init&gt;" desc="(Lexamen/capsanegra/TrailRunning;I)V" line="9"><counter type="INSTRUCTION" missed="0" covered="15"/><counter type="LINE" missed="0" covered="1"/><counter type="COMPLEXITY" missed="0" covered="1"/><counter type="METHOD" missed="0" covered="1"/></method><method name="addPos" desc="(II)V" line="9"><counter type="INSTRUCTION" missed="0" covered="24"/><counter type="BRANCH" missed="0" covered="4"/><counter type="LINE" missed="0" covered="1"/><counter type="COMPLEXITY" missed="0" covered="3"/><counter type="METHOD" missed="0" covered="1"/></method><method name="toString" desc="()Ljava/lang/String;" line="9"><counter type="INSTRUCTION" missed="27" covered="0"/><counter type="LINE" missed="1" covered="0"/><counter type="COMPLEXITY" missed="1" covered="0"/><counter type="METHOD" missed="1" covered="0"/></method><method name="compareTo" desc="(Ljava/lang/Object;)I" line="9"><counter type="INSTRUCTION" missed="8" covered="27"/><counter type="BRANCH" missed="4" covered="6"/><counter type="LINE" missed="0" covered="1"/><counter type="COMPLEXITY" missed="4" covered="2"/><counter type="METHOD" missed="0" covered="1"/></method><counter type="INSTRUCTION" missed="35" covered="66"/><counter type="BRANCH" missed="4" covered="10"/><counter type="LINE" missed="0" covered="1"/><counter type="COMPLEXITY" missed="5" covered="6"/><counter type="METHOD" missed="1" covered="3"/><counter type="CLASS" missed="0" covered="1"/></class><sourcefile name="TrailRunning.java"><line nr="3" mi="0" ci="3" mb="0" cb="0"/><line nr="9" mi="53" ci="310" mb="13" cb="47"/><counter type="INSTRUCTION" missed="53" covered="313"/><counter type="BRANCH" missed="13" covered="47"/><counter type="LINE" missed="0" covered="2"/><counter type="COMPLEXITY" missed="14" covered="25"/><counter type="METHOD" missed="1" covered="8"/><counter type="CLASS" missed="0" covered="3"/></sourcefile><counter type="INSTRUCTION" missed="53" covered="313"/><counter type="BRANCH" missed="13" covered="47"/><counter type="LINE" missed="0" covered="2"/><counter type="COMPLEXITY" missed="14" covered="25"/><counter type="METHOD" missed="1" covered="8"/><counter type="CLASS" missed="0" covered="3"/></package><counter type="INSTRUCTION" missed="331" covered="488"/><counter type="BRANCH" missed="17" covered="81"/><counter type="LINE" missed="31" covered="45"/><counter type="COMPLEXITY" missed="22" covered="48"/><counter type="METHOD" missed="7" covered="14"/><counter type="CLASS" missed="1" covered="6"/></report>